# JRE version: OpenJDK Runtime Environment (8.0_131-b11) (build 1.8.0_131-8u131-b11-2ubuntu1.16.04.3-b11)
# Java VM: OpenJDK 64-Bit Server VM (25.131-b11 mixed mode linux-amd64 compressed oops)
Heap:
 def new generation   total 9920K, used 0K [0x00000000e1000000, 0x00000000e1ac0000, 0x00000000eb550000)
  eden space 8832K,   0% used [0x00000000e1000000, 0x00000000e1000000, 0x00000000e18a0000)
  from space 1088K,   0% used [0x00000000e18a0000, 0x00000000e18a0000, 0x00000000e19b0000)
  to   space 1088K,   0% used [0x00000000e19b0000, 0x00000000e19b0000, 0x00000000e1ac0000)
 tenured generation   total 21888K, used 5165K [0x00000000eb550000, 0x00000000ecab0000, 0x0000000100000000)
   the space 21888K,  23% used [0x00000000eb550000, 0x00000000eba5b678, 0x00000000eba5b800, 0x00000000ecab0000)
 Metaspace       used 14164K, capacity 14390K, committed 14720K, reserved 1062912K
  class space    used 1740K, capacity 1804K, committed 1920K, reserved 1048576K
GC Heap History (4 events):
Event: 59.045 GC heap before
{Heap before GC invocations=0 (full 0):
 def new generation   total 9792K, used 8704K [0x00000000e1000000, 0x00000000e1aa0000, 0x00000000eb550000)
  eden space 8704K, 100% used [0x00000000e1000000, 0x00000000e1880000, 0x00000000e1880000)
  from space 1088K,   0% used [0x00000000e1880000, 0x00000000e1880000, 0x00000000e1990000)
  to   space 1088K,   0% used [0x00000000e1990000, 0x00000000e1990000, 0x00000000e1aa0000)
 tenured generation   total 21888K, used 0K [0x00000000eb550000, 0x00000000ecab0000, 0x0000000100000000)
   the space 21888K,   0% used [0x00000000eb550000, 0x00000000eb550000, 0x00000000eb550200, 0x00000000ecab0000)
 Metaspace       used 14092K, capacity 14318K, committed 14720K, reserved 1062912K
  class space    used 1736K, capacity 1804K, committed 1920K, reserved 1048576K
Event: 59.348 GC heap after
Heap after GC invocations=1 (full 0):
 def new generation   total 9792K, used 1087K [0x00000000e1000000, 0x00000000e1aa0000, 0x00000000eb550000)
  eden space 8704K,   0% used [0x00000000e1000000, 0x00000000e1000000, 0x00000000e1880000)
  from space 1088K,  99% used [0x00000000e1990000, 0x00000000e1a9fff8, 0x00000000e1aa0000)
  to   space 1088K,   0% used [0x00000000e1880000, 0x00000000e1880000, 0x00000000e1990000)
 tenured generation   total 21888K, used 941K [0x00000000eb550000, 0x00000000ecab0000, 0x0000000100000000)
   the space 21888K,   4% used [0x00000000eb550000, 0x00000000eb63b5f0, 0x00000000eb63b600, 0x00000000ecab0000)
 Metaspace       used 14092K, capacity 14318K, committed 14720K, reserved 1062912K
  class space    used 1736K, capacity 1804K, committed 1920K, reserved 1048576K
}
Event: 60.361 GC heap before
{Heap before GC invocations=1 (full 0):
 def new generation   total 9792K, used 7875K [0x00000000e1000000, 0x00000000e1aa0000, 0x00000000eb550000)
  eden space 8704K,  77% used [0x00000000e1000000, 0x00000000e16a0c60, 0x00000000e1880000)
  from space 1088K,  99% used [0x00000000e1990000, 0x00000000e1a9fff8, 0x00000000e1aa0000)
  to   space 1088K,   0% used [0x00000000e1880000, 0x00000000e1880000, 0x00000000e1990000)
 tenured generation   total 21888K, used 941K [0x00000000eb550000, 0x00000000ecab0000, 0x0000000100000000)
   the space 21888K,   4% used [0x00000000eb550000, 0x00000000eb63b5f0, 0x00000000eb63b600, 0x00000000ecab0000)
 Metaspace       used 14164K, capacity 14390K, committed 14720K, reserved 1062912K
  class space    used 1740K, capacity 1804K, committed 1920K, reserved 1048576K
Event: 61.379 GC heap after
Heap after GC invocations=2 (full 1):
 def new generation   total 9920K, used 0K [0x00000000e1000000, 0x00000000e1ac0000, 0x00000000eb550000)
  eden space 8832K,   0% used [0x00000000e1000000, 0x00000000e1000000, 0x00000000e18a0000)
  from space 1088K,   0% used [0x00000000e18a0000, 0x00000000e18a0000, 0x00000000e19b0000)
  to   space 1088K,   0% used [0x00000000e19b0000, 0x00000000e19b0000, 0x00000000e1ac0000)
 tenured generation   total 21888K, used 5165K [0x00000000eb550000, 0x00000000ecab0000, 0x0000000100000000)
   the space 21888K,  23% used [0x00000000eb550000, 0x00000000eba5b678, 0x00000000eba5b800, 0x00000000ecab0000)
 Metaspace       used 14164K, capacity 14390K, committed 14720K, reserved 1062912K
  class space    used 1740K, capacity 1804K, committed 1920K, reserved 1048576K
}

